{"C:\\Users\\Bianca\\OneDrive\\Documents\\WebID\\WebID-Frontend\\src\\components\\biometrics.vue": {"path":"C:\\Users\\Bianca\\OneDrive\\Documents\\WebID\\WebID-Frontend\\src\\components\\biometrics.vue","statementMap":{"0":{"start":{"line":12,"column":0},"end":{"line":12,"column":null}},"1":{"start":{"line":17,"column":0},"end":{"line":17,"column":null}},"2":{"start":{"line":23,"column":0},"end":{"line":23,"column":null}},"3":{"start":{"line":24,"column":0},"end":{"line":24,"column":null}},"4":{"start":{"line":26,"column":0},"end":{"line":26,"column":null}},"5":{"start":{"line":27,"column":0},"end":{"line":27,"column":null}},"6":{"start":{"line":29,"column":0},"end":{"line":29,"column":null}},"7":{"start":{"line":32,"column":0},"end":{"line":34,"column":null}},"8":{"start":{"line":33,"column":0},"end":{"line":33,"column":null}},"9":{"start":{"line":36,"column":0},"end":{"line":36,"column":null}},"10":{"start":{"line":37,"column":0},"end":{"line":37,"column":null}},"11":{"start":{"line":38,"column":0},"end":{"line":38,"column":null}},"12":{"start":{"line":40,"column":0},"end":{"line":40,"column":null}},"13":{"start":{"line":43,"column":0},"end":{"line":43,"column":null}},"14":{"start":{"line":44,"column":0},"end":{"line":56,"column":null}},"15":{"start":{"line":44,"column":0},"end":{"line":44,"column":null}},"16":{"start":{"line":45,"column":0},"end":{"line":45,"column":null}},"17":{"start":{"line":46,"column":0},"end":{"line":46,"column":null}},"18":{"start":{"line":47,"column":0},"end":{"line":47,"column":null}},"19":{"start":{"line":48,"column":0},"end":{"line":48,"column":null}},"20":{"start":{"line":50,"column":0},"end":{"line":50,"column":null}},"21":{"start":{"line":52,"column":0},"end":{"line":52,"column":null}},"22":{"start":{"line":53,"column":0},"end":{"line":53,"column":null}},"23":{"start":{"line":54,"column":0},"end":{"line":54,"column":null}},"24":{"start":{"line":55,"column":0},"end":{"line":55,"column":null}},"25":{"start":{"line":59,"column":0},"end":{"line":59,"column":null}},"26":{"start":{"line":60,"column":0},"end":{"line":60,"column":null}},"27":{"start":{"line":61,"column":0},"end":{"line":64,"column":null}},"28":{"start":{"line":61,"column":0},"end":{"line":61,"column":null}},"29":{"start":{"line":62,"column":0},"end":{"line":62,"column":null}},"30":{"start":{"line":63,"column":0},"end":{"line":63,"column":null}},"31":{"start":{"line":65,"column":0},"end":{"line":65,"column":null}},"32":{"start":{"line":71,"column":0},"end":{"line":71,"column":null}},"33":{"start":{"line":73,"column":0},"end":{"line":73,"column":null}},"34":{"start":{"line":74,"column":0},"end":{"line":74,"column":null}},"35":{"start":{"line":78,"column":0},"end":{"line":78,"column":null}},"36":{"start":{"line":79,"column":0},"end":{"line":79,"column":null}},"37":{"start":{"line":80,"column":0},"end":{"line":80,"column":null}},"38":{"start":{"line":81,"column":0},"end":{"line":81,"column":null}},"39":{"start":{"line":83,"column":0},"end":{"line":83,"column":null}},"40":{"start":{"line":84,"column":0},"end":{"line":84,"column":null}},"41":{"start":{"line":85,"column":0},"end":{"line":87,"column":null}},"42":{"start":{"line":86,"column":0},"end":{"line":86,"column":null}},"43":{"start":{"line":89,"column":0},"end":{"line":89,"column":null}},"44":{"start":{"line":90,"column":0},"end":{"line":90,"column":null}},"45":{"start":{"line":92,"column":0},"end":{"line":107,"column":null}},"46":{"start":{"line":93,"column":0},"end":{"line":96,"column":null}},"47":{"start":{"line":94,"column":0},"end":{"line":94,"column":null}},"48":{"start":{"line":95,"column":0},"end":{"line":95,"column":null}},"49":{"start":{"line":97,"column":0},"end":{"line":107,"column":null}},"50":{"start":{"line":98,"column":0},"end":{"line":101,"column":null}},"51":{"start":{"line":99,"column":0},"end":{"line":99,"column":null}},"52":{"start":{"line":100,"column":0},"end":{"line":100,"column":null}},"53":{"start":{"line":102,"column":0},"end":{"line":107,"column":null}},"54":{"start":{"line":103,"column":0},"end":{"line":106,"column":null}},"55":{"start":{"line":104,"column":0},"end":{"line":104,"column":null}},"56":{"start":{"line":105,"column":0},"end":{"line":105,"column":null}}},"fnMap":{"0":{"name":"(anonymous_1)","decl":{"start":{"line":16,"column":0},"end":{"line":16,"column":null}},"loc":{"start":{"line":16,"column":0},"end":{"line":20,"column":null}}},"1":{"name":"(anonymous_2)","decl":{"start":{"line":22,"column":0},"end":{"line":22,"column":null}},"loc":{"start":{"line":22,"column":0},"end":{"line":41,"column":null}}},"2":{"name":"(anonymous_3)","decl":{"start":{"line":42,"column":0},"end":{"line":42,"column":null}},"loc":{"start":{"line":42,"column":0},"end":{"line":57,"column":null}}},"3":{"name":"(anonymous_4)","decl":{"start":{"line":58,"column":0},"end":{"line":58,"column":null}},"loc":{"start":{"line":58,"column":0},"end":{"line":66,"column":null}}},"4":{"name":"(anonymous_5)","decl":{"start":{"line":67,"column":0},"end":{"line":67,"column":null}},"loc":{"start":{"line":67,"column":0},"end":{"line":75,"column":null}}},"5":{"name":"(anonymous_6)","decl":{"start":{"line":77,"column":0},"end":{"line":77,"column":null}},"loc":{"start":{"line":77,"column":0},"end":{"line":108,"column":null}}},"6":{"name":"(anonymous_7)","decl":{"start":{"line":85,"column":0},"end":{"line":85,"column":null}},"loc":{"start":{"line":85,"column":0},"end":{"line":87,"column":null}}},"7":{"name":"(anonymous_8)","decl":{"start":{"line":93,"column":0},"end":{"line":93,"column":null}},"loc":{"start":{"line":93,"column":0},"end":{"line":96,"column":null}}},"8":{"name":"(anonymous_9)","decl":{"start":{"line":98,"column":0},"end":{"line":98,"column":null}},"loc":{"start":{"line":98,"column":0},"end":{"line":101,"column":null}}},"9":{"name":"(anonymous_10)","decl":{"start":{"line":103,"column":0},"end":{"line":103,"column":null}},"loc":{"start":{"line":103,"column":0},"end":{"line":106,"column":null}}}},"branchMap":{"0":{"loc":{"start":{"line":32,"column":0},"end":{"line":34,"column":null}},"type":"if","locations":[{"start":{"line":32,"column":0},"end":{"line":34,"column":null}},{"start":{"line":32,"column":0},"end":{"line":34,"column":null}}]},"1":{"loc":{"start":{"line":92,"column":0},"end":{"line":107,"column":null}},"type":"if","locations":[{"start":{"line":92,"column":0},"end":{"line":107,"column":null}},{"start":{"line":92,"column":0},"end":{"line":107,"column":null}}]},"2":{"loc":{"start":{"line":97,"column":0},"end":{"line":107,"column":null}},"type":"if","locations":[{"start":{"line":97,"column":0},"end":{"line":107,"column":null}},{"start":{"line":97,"column":0},"end":{"line":107,"column":null}}]},"3":{"loc":{"start":{"line":102,"column":0},"end":{"line":107,"column":null}},"type":"if","locations":[{"start":{"line":102,"column":0},"end":{"line":107,"column":null}},{"start":{"line":102,"column":0},"end":{"line":107,"column":null}}]}},"s":{"0":1,"1":1,"2":0,"3":0,"4":0,"5":0,"6":0,"7":0,"8":0,"9":0,"10":0,"11":0,"12":0,"13":0,"14":0,"15":0,"16":0,"17":0,"18":0,"19":0,"20":0,"21":0,"22":0,"23":0,"24":0,"25":0,"26":0,"27":0,"28":0,"29":0,"30":0,"31":0,"32":0,"33":0,"34":0,"35":1,"36":1,"37":0,"38":0,"39":0,"40":0,"41":0,"42":0,"43":0,"44":0,"45":0,"46":0,"47":0,"48":0,"49":0,"50":0,"51":0,"52":0,"53":0,"54":0,"55":0,"56":0},"f":{"0":1,"1":0,"2":0,"3":0,"4":0,"5":1,"6":0,"7":0,"8":0,"9":0},"b":{"0":[0,0],"1":[0,0],"2":[0,0],"3":[0,0]}}
,"C:\\Users\\Bianca\\OneDrive\\Documents\\WebID\\WebID-Frontend\\src\\components\\index.vue": {"path":"C:\\Users\\Bianca\\OneDrive\\Documents\\WebID\\WebID-Frontend\\src\\components\\index.vue","statementMap":{"0":{"start":{"line":15,"column":0},"end":{"line":15,"column":null}},"1":{"start":{"line":16,"column":0},"end":{"line":16,"column":null}},"2":{"start":{"line":21,"column":0},"end":{"line":21,"column":null}},"3":{"start":{"line":27,"column":0},"end":{"line":27,"column":null}},"4":{"start":{"line":31,"column":0},"end":{"line":31,"column":null}},"5":{"start":{"line":32,"column":0},"end":{"line":32,"column":null}}},"fnMap":{"0":{"name":"(anonymous_1)","decl":{"start":{"line":20,"column":0},"end":{"line":20,"column":null}},"loc":{"start":{"line":20,"column":0},"end":{"line":24,"column":null}}},"1":{"name":"(anonymous_2)","decl":{"start":{"line":26,"column":0},"end":{"line":26,"column":null}},"loc":{"start":{"line":26,"column":0},"end":{"line":33,"column":null}}}},"branchMap":{},"s":{"0":1,"1":1,"2":2,"3":2,"4":2,"5":2},"f":{"0":2,"1":2},"b":{}}
,"C:\\Users\\Bianca\\OneDrive\\Documents\\WebID\\WebID-Frontend\\src\\components\\registration.vue": {"path":"C:\\Users\\Bianca\\OneDrive\\Documents\\WebID\\WebID-Frontend\\src\\components\\registration.vue","statementMap":{"0":{"start":{"line":33,"column":0},"end":{"line":33,"column":null}},"1":{"start":{"line":37,"column":0},"end":{"line":37,"column":null}},"2":{"start":{"line":48,"column":0},"end":{"line":48,"column":null}},"3":{"start":{"line":49,"column":0},"end":{"line":53,"column":null}},"4":{"start":{"line":50,"column":0},"end":{"line":50,"column":null}},"5":{"start":{"line":52,"column":0},"end":{"line":52,"column":null}},"6":{"start":{"line":55,"column":0},"end":{"line":55,"column":null}},"7":{"start":{"line":56,"column":0},"end":{"line":56,"column":null}},"8":{"start":{"line":59,"column":0},"end":{"line":70,"column":null}},"9":{"start":{"line":61,"column":0},"end":{"line":61,"column":null}},"10":{"start":{"line":62,"column":0},"end":{"line":62,"column":null}},"11":{"start":{"line":63,"column":0},"end":{"line":63,"column":null}},"12":{"start":{"line":64,"column":0},"end":{"line":64,"column":null}},"13":{"start":{"line":65,"column":0},"end":{"line":65,"column":null}},"14":{"start":{"line":66,"column":0},"end":{"line":66,"column":null}},"15":{"start":{"line":67,"column":0},"end":{"line":67,"column":null}},"16":{"start":{"line":69,"column":0},"end":{"line":69,"column":null}},"17":{"start":{"line":73,"column":0},"end":{"line":84,"column":null}},"18":{"start":{"line":75,"column":0},"end":{"line":75,"column":null}},"19":{"start":{"line":76,"column":0},"end":{"line":76,"column":null}},"20":{"start":{"line":77,"column":0},"end":{"line":77,"column":null}},"21":{"start":{"line":78,"column":0},"end":{"line":78,"column":null}},"22":{"start":{"line":79,"column":0},"end":{"line":79,"column":null}},"23":{"start":{"line":80,"column":0},"end":{"line":80,"column":null}},"24":{"start":{"line":81,"column":0},"end":{"line":81,"column":null}},"25":{"start":{"line":83,"column":0},"end":{"line":83,"column":null}}},"fnMap":{"0":{"name":"(anonymous_1)","decl":{"start":{"line":36,"column":0},"end":{"line":36,"column":null}},"loc":{"start":{"line":36,"column":0},"end":{"line":45,"column":null}}},"1":{"name":"(anonymous_2)","decl":{"start":{"line":47,"column":0},"end":{"line":47,"column":null}},"loc":{"start":{"line":47,"column":0},"end":{"line":57,"column":null}}},"2":{"name":"(anonymous_3)","decl":{"start":{"line":58,"column":0},"end":{"line":58,"column":null}},"loc":{"start":{"line":58,"column":0},"end":{"line":71,"column":null}}},"3":{"name":"(anonymous_4)","decl":{"start":{"line":59,"column":0},"end":{"line":59,"column":null}},"loc":{"start":{"line":59,"column":0},"end":{"line":68,"column":null}}},"4":{"name":"(anonymous_5)","decl":{"start":{"line":68,"column":0},"end":{"line":68,"column":null}},"loc":{"start":{"line":68,"column":0},"end":{"line":70,"column":null}}},"5":{"name":"(anonymous_6)","decl":{"start":{"line":72,"column":0},"end":{"line":72,"column":null}},"loc":{"start":{"line":72,"column":0},"end":{"line":85,"column":null}}},"6":{"name":"(anonymous_7)","decl":{"start":{"line":73,"column":0},"end":{"line":73,"column":null}},"loc":{"start":{"line":73,"column":0},"end":{"line":82,"column":null}}},"7":{"name":"(anonymous_8)","decl":{"start":{"line":82,"column":0},"end":{"line":82,"column":null}},"loc":{"start":{"line":82,"column":0},"end":{"line":84,"column":null}}}},"branchMap":{"0":{"loc":{"start":{"line":49,"column":0},"end":{"line":53,"column":null}},"type":"if","locations":[{"start":{"line":49,"column":0},"end":{"line":53,"column":null}},{"start":{"line":49,"column":0},"end":{"line":53,"column":null}}]},"1":{"loc":{"start":{"line":55,"column":0},"end":{"line":55,"column":null}},"type":"if","locations":[{"start":{"line":55,"column":0},"end":{"line":55,"column":null}},{"start":{"line":55,"column":0},"end":{"line":55,"column":null}}]}},"s":{"0":1,"1":2,"2":0,"3":0,"4":0,"5":0,"6":0,"7":0,"8":1,"9":1,"10":1,"11":1,"12":1,"13":1,"14":1,"15":1,"16":1,"17":1,"18":1,"19":1,"20":1,"21":1,"22":1,"23":1,"24":1,"25":1},"f":{"0":2,"1":0,"2":1,"3":1,"4":1,"5":1,"6":1,"7":1},"b":{"0":[0,0],"1":[0,0]}}
}
