TN:
SF:C:\Users\Bianca\OneDrive\Documents\WebID\WebID-Frontend\src\components\index.vue
FN:20,(anonymous_1)
FN:26,(anonymous_2)
FN:31,(anonymous_3)
FNF:3
FNH:1
FNDA:1,(anonymous_1)
FNDA:0,(anonymous_2)
FNDA:0,(anonymous_3)
DA:15,1
DA:16,1
DA:17,1
DA:21,1
DA:27,0
DA:31,0
LF:6
LH:4
BRF:0
BRH:0
end_of_record
TN:
SF:C:\Users\Bianca\OneDrive\Documents\WebID\WebID-Frontend\src\components\registration.vue
FN:36,(anonymous_1)
FN:45,(anonymous_2)
FN:47,(anonymous_3)
FN:56,(anonymous_4)
FN:61,(anonymous_5)
FN:63,(anonymous_6)
FN:72,(anonymous_7)
FNF:7
FNH:7
FNDA:2,(anonymous_1)
FNDA:1,(anonymous_2)
FNDA:1,(anonymous_3)
FNDA:1,(anonymous_4)
FNDA:1,(anonymous_5)
FNDA:1,(anonymous_6)
FNDA:1,(anonymous_7)
DA:33,1
DA:37,2
DA:46,1
DA:47,1
DA:49,1
DA:50,1
DA:51,1
DA:52,0
DA:53,0
DA:54,0
DA:55,0
DA:57,1
DA:59,1
DA:62,1
DA:63,1
DA:65,1
DA:66,1
DA:67,1
DA:68,0
DA:69,0
DA:70,0
DA:71,0
DA:73,1
DA:75,1
LF:24
LH:16
BRF:0
BRH:0
end_of_record
